<?xml version="1.0" encoding="UTF-8"?>
<kml xmlns="http://www.opengis.net/kml/2.2" xmlns:gx="http://www.google.com/kml/ext/2.2">
    <Document>
        <name>Location history from 2016-12-06 to 2016-12-06</name>
        <open>1</open>
        <description></description>
        <StyleMap id="multiTrack">
            <Pair>
                <key>normal</key>
                <styleUrl>#multiTrack_n</styleUrl>
            </Pair>
            <Pair>
                <key>highlight</key>
                <styleUrl>#multiTrack_h</styleUrl>
            </Pair>
        </StyleMap>
        <Style id="multiTrack_n">
            <IconStyle>
                <Icon>
                    <href>https://earth.google.com/images/kml-icons/track-directional/track-0.png</href>
                </Icon>
            </IconStyle>
            <LineStyle>
                <color>99ffac59</color>
                <width>6</width>
            </LineStyle>
        </Style>
        <Style id="multiTrack_h">
            <IconStyle>
                <scale>1.2</scale>
                <Icon>
                    <href>https://earth.google.com/images/kml-icons/track-directional/track-0.png</href>
                </Icon>
            </IconStyle>
            <LineStyle>
                <color>99ffac59</color>
                <width>8</width>
            </LineStyle>
        </Style>
        <Placemark>
            <name>Коломийський провулок, 3/1</name>
            <address>Київ</address>
            <ExtendedData>
                <Data name="Email">
                    <value>Maximmalyshyn@gmail.com</value>
                </Data>
                <Data name="Category">
                    <value></value>
                </Data>
                <Data name="Distance">
                    <value>0</value>
                </Data>
            </ExtendedData>
            <description>from 2016-12-05T18:55:20.300Z to 2016-12-06T07:22:12.055Z. Distance 0m</description>
            <Point>
                <coordinates></coordinates>
            </Point>
            <gx:Track>
                <altitudeMode>clampToGround</altitudeMode>
                <gx:coord>30.493654 50.388791999999995 0</gx:coord>
            </gx:Track>
            <TimeSpan>
                <begin>2016-12-05T18:55:20.300Z</begin>
                <end>2016-12-06T07:22:12.055Z</end>
            </TimeSpan>
        </Placemark>
        <Placemark>
            <name>Cycling</name>
            <address></address>
            <ExtendedData>
                <Data name="Email">
                    <value>Maximmalyshyn@gmail.com</value>
                </Data>
                <Data name="Category">
                    <value>Cycling</value>
                </Data>
                <Data name="Distance">
                    <value>16877</value>
                </Data>
            </ExtendedData>
            <description>Cycling from 2016-12-06T07:22:12.055Z to 2016-12-06T08:12:31.000Z. Distance 16877m
            </description>
            <Point>
                <coordinates></coordinates>
            </Point>
            <gx:Track>
                <altitudeMode>clampToGround</altitudeMode>
                <gx:coord>30.493654 50.388791999999995 0</gx:coord>
                <gx:coord>30.49413 50.387865 0</gx:coord>
                <gx:coord>30.4937033 50.3878533 0</gx:coord>
                <gx:coord>30.4935433 50.38739 0</gx:coord>
                <gx:coord>30.4928683 50.3876216 0</gx:coord>
                <gx:coord>30.4920017 50.38736 0</gx:coord>
                <gx:coord>30.491665 50.38674 0</gx:coord>
                <gx:coord>30.491265 50.3871533 0</gx:coord>
                <gx:coord>30.49013 50.3862949 0</gx:coord>
                <gx:coord>30.49001 50.3865617 0</gx:coord>
                <gx:coord>30.4895117 50.38611 0</gx:coord>
                <gx:coord>30.489435 50.38637 0</gx:coord>
                <gx:coord>30.48893 50.3859117 0</gx:coord>
                <gx:coord>30.488785 50.386125 0</gx:coord>
                <gx:coord>30.4883033 50.38572 0</gx:coord>
                <gx:coord>30.4881433 50.3858883 0</gx:coord>
                <gx:coord>30.4876033 50.3854767 0</gx:coord>
                <gx:coord>30.4874033 50.385565 0</gx:coord>
                <gx:coord>30.4868367 50.3851383 0</gx:coord>
                <gx:coord>30.4867467 50.385225 0</gx:coord>
                <gx:coord>30.4861233 50.3848399 0</gx:coord>
                <gx:coord>30.485575 50.3846283 0</gx:coord>
                <gx:coord>30.485375 50.38472 0</gx:coord>
                <gx:coord>30.484705 50.38445 0</gx:coord>
                <gx:coord>30.4841233 50.3841083 0</gx:coord>
                <gx:coord>30.4834867 50.384035 0</gx:coord>
                <gx:coord>30.4834533 50.3838583 0</gx:coord>
                <gx:coord>30.4827983 50.3837317 0</gx:coord>
                <gx:coord>30.4827367 50.38348 0</gx:coord>
                <gx:coord>30.4821033 50.38344 0</gx:coord>
                <gx:coord>30.4818667 50.3831917 0</gx:coord>
                <gx:coord>30.4812683 50.38317 0</gx:coord>
                <gx:coord>30.4809767 50.3828632 0</gx:coord>
                <gx:coord>30.4804567 50.38292 0</gx:coord>
                <gx:coord>30.480205 50.382505 0</gx:coord>
                <gx:coord>30.4797667 50.3826767 0</gx:coord>
                <gx:coord>30.47952 50.382205 0</gx:coord>
                <gx:coord>30.4788383 50.3818833 0</gx:coord>
                <gx:coord>30.4783933 50.3819933 0</gx:coord>
                <gx:coord>30.478135 50.38159 0</gx:coord>
                <gx:coord>30.4776817 50.381735 0</gx:coord>
                <gx:coord>30.4776767 50.3813867 0</gx:coord>
                <gx:coord>30.4776217 50.3816383 0</gx:coord>
                <gx:coord>30.4775817 50.3813217 0</gx:coord>
                <gx:coord>30.4776217 50.3816383 0</gx:coord>
                <gx:coord>30.4775667 50.381285 0</gx:coord>
                <gx:coord>30.4776217 50.3815667 0</gx:coord>
                <gx:coord>30.4775417 50.3812983 0</gx:coord>
                <gx:coord>30.477635 50.3815467 0</gx:coord>
                <gx:coord>30.4775417 50.3812983 0</gx:coord>
                <gx:coord>30.47724 50.3814082 0</gx:coord>
                <gx:coord>30.4771383 50.3812383 0</gx:coord>
                <gx:coord>30.4762467 50.380995 0</gx:coord>
                <gx:coord>30.476195 50.38096 0</gx:coord>
                <gx:coord>30.475145 50.3805 0</gx:coord>
                <gx:coord>30.4751833 50.3805417 0</gx:coord>
                <gx:coord>30.4741367 50.380085 0</gx:coord>
                <gx:coord>30.4738883 50.3800217 0</gx:coord>
                <gx:coord>30.4730733 50.3796183 0</gx:coord>
                <gx:coord>30.4728217 50.3795767 0</gx:coord>
                <gx:coord>30.4717317 50.3790167 0</gx:coord>
                <gx:coord>30.4711483 50.3786367 0</gx:coord>
                <gx:coord>30.4706783 50.3783983 0</gx:coord>
                <gx:coord>30.469745 50.377695 0</gx:coord>
                <gx:coord>30.4693 50.377445 0</gx:coord>
                <gx:coord>30.468715 50.3770417 0</gx:coord>
                <gx:coord>30.4683833 50.3768583 0</gx:coord>
                <gx:coord>30.46803 50.3766283 0</gx:coord>
                <gx:coord>30.4680383 50.3766467 0</gx:coord>
                <gx:coord>30.4680583 50.3766983 0</gx:coord>
                <gx:coord>30.4680283 50.3766483 0</gx:coord>
                <gx:coord>30.4676917 50.3764167 0</gx:coord>
                <gx:coord>30.4675167 50.3763117 0</gx:coord>
                <gx:coord>30.4668717 50.375905 0</gx:coord>
                <gx:coord>30.4666433 50.3757499 0</gx:coord>
                <gx:coord>30.4658633 50.3751783 0</gx:coord>
                <gx:coord>30.4657667 50.3751117 0</gx:coord>
                <gx:coord>30.46489 50.3745933 0</gx:coord>
                <gx:coord>30.4640867 50.3740217 0</gx:coord>
                <gx:coord>30.4631533 50.3734066 0</gx:coord>
                <gx:coord>30.4632283 50.3733883 0</gx:coord>
                <gx:coord>30.46233 50.37289 0</gx:coord>
                <gx:coord>30.46244 50.372865 0</gx:coord>
                <gx:coord>30.4615067 50.3723333 0</gx:coord>
                <gx:coord>30.4615383 50.372355 0</gx:coord>
                <gx:coord>30.46071 50.3718133 0</gx:coord>
                <gx:coord>30.4605683 50.371765 0</gx:coord>
                <gx:coord>30.45971 50.3716617 0</gx:coord>
                <gx:coord>30.45955 50.3715967 0</gx:coord>
                <gx:coord>30.4587033 50.3717083 0</gx:coord>
                <gx:coord>30.4585583 50.3716317 0</gx:coord>
                <gx:coord>30.4575367 50.3715483 0</gx:coord>
                <gx:coord>30.4569417 50.3717867 0</gx:coord>
                <gx:coord>30.4569683 50.3719382 0</gx:coord>
                <gx:coord>30.4563233 50.3721567 0</gx:coord>
                <gx:coord>30.45624 50.3722683 0</gx:coord>
                <gx:coord>30.45574 50.3726417 0</gx:coord>
                <gx:coord>30.455655 50.372765 0</gx:coord>
                <gx:coord>30.45511 50.37317 0</gx:coord>
                <gx:coord>30.4551783 50.3732617 0</gx:coord>
                <gx:coord>30.4545067 50.3736249 0</gx:coord>
                <gx:coord>30.4540117 50.3737817 0</gx:coord>
                <gx:coord>30.45378 50.3741883 0</gx:coord>
                <gx:coord>30.4533067 50.3744583 0</gx:coord>
                <gx:coord>30.45309 50.3747317 0</gx:coord>
                <gx:coord>30.452955 50.3750833 0</gx:coord>
                <gx:coord>30.4521383 50.3753667 0</gx:coord>
                <gx:coord>30.45185 50.375635 0</gx:coord>
                <gx:coord>30.4512217 50.3759633 0</gx:coord>
                <gx:coord>30.4507167 50.3764033 0</gx:coord>
                <gx:coord>30.4504067 50.3766233 0</gx:coord>
                <gx:coord>30.4498167 50.37702 0</gx:coord>
                <gx:coord>30.4494283 50.3772817 0</gx:coord>
                <gx:coord>30.44891 50.37771 0</gx:coord>
                <gx:coord>30.448655 50.3779083 0</gx:coord>
                <gx:coord>30.4481267 50.3782933 0</gx:coord>
                <gx:coord>30.4478067 50.3785317 0</gx:coord>
                <gx:coord>30.44733 50.37887 0</gx:coord>
                <gx:coord>30.44697 50.3790433 0</gx:coord>
                <gx:coord>30.4465567 50.37937 0</gx:coord>
                <gx:coord>30.445605 50.3801033 0</gx:coord>
                <gx:coord>30.4453583 50.3803016 0</gx:coord>
                <gx:coord>30.4448867 50.3808817 0</gx:coord>
                <gx:coord>30.4444967 50.3809567 0</gx:coord>
                <gx:coord>30.4437683 50.38151 0</gx:coord>
                <gx:coord>30.4436167 50.381595 0</gx:coord>
                <gx:coord>30.443145 50.38218 0</gx:coord>
                <gx:coord>30.4426067 50.38228 0</gx:coord>
                <gx:coord>30.4420283 50.382965 0</gx:coord>
                <gx:coord>30.4416467 50.382995 0</gx:coord>
                <gx:coord>30.4409533 50.3836433 0</gx:coord>
                <gx:coord>30.4406167 50.383735 0</gx:coord>
                <gx:coord>30.439855 50.3843267 0</gx:coord>
                <gx:coord>30.4395567 50.3844967 0</gx:coord>
                <gx:coord>30.438995 50.3850849 0</gx:coord>
                <gx:coord>30.4385967 50.3851833 0</gx:coord>
                <gx:coord>30.437955 50.385795 0</gx:coord>
                <gx:coord>30.4377183 50.3858567 0</gx:coord>
                <gx:coord>30.436995 50.3865283 0</gx:coord>
                <gx:coord>30.43606 50.3872282 0</gx:coord>
                <gx:coord>30.4359767 50.3871033 0</gx:coord>
                <gx:coord>30.4351033 50.3879533 0</gx:coord>
                <gx:coord>30.4342667 50.38846 0</gx:coord>
                <gx:coord>30.4335483 50.3889717 0</gx:coord>
                <gx:coord>30.4334917 50.3891067 0</gx:coord>
                <gx:coord>30.4326717 50.38959 0</gx:coord>
                <gx:coord>30.4327417 50.3896517 0</gx:coord>
                <gx:coord>30.4318517 50.390195 0</gx:coord>
                <gx:coord>30.4317467 50.3903583 0</gx:coord>
                <gx:coord>30.4310517 50.3908133 0</gx:coord>
                <gx:coord>30.430615 50.3910483 0</gx:coord>
                <gx:coord>30.43026 50.3913783 0</gx:coord>
                <gx:coord>30.4298917 50.3916382 0</gx:coord>
                <gx:coord>30.4293 50.3920233 0</gx:coord>
                <gx:coord>30.428945 50.3924317 0</gx:coord>
                <gx:coord>30.4283917 50.3927117 0</gx:coord>
                <gx:coord>30.42806 50.3931483 0</gx:coord>
                <gx:coord>30.4275083 50.3933899 0</gx:coord>
                <gx:coord>30.4272867 50.3937017 0</gx:coord>
                <gx:coord>30.4266167 50.3942183 0</gx:coord>
                <gx:coord>30.4260183 50.3944867 0</gx:coord>
                <gx:coord>30.4257333 50.3948467 0</gx:coord>
                <gx:coord>30.4251583 50.39505 0</gx:coord>
                <gx:coord>30.4248667 50.395385 0</gx:coord>
                <gx:coord>30.4243167 50.3955533 0</gx:coord>
                <gx:coord>30.4239167 50.3959433 0</gx:coord>
                <gx:coord>30.4232533 50.3961083 0</gx:coord>
                <gx:coord>30.42292 50.3964783 0</gx:coord>
                <gx:coord>30.4224783 50.39655 0</gx:coord>
                <gx:coord>30.4220133 50.3968617 0</gx:coord>
                <gx:coord>30.4216917 50.3968883 0</gx:coord>
                <gx:coord>30.4212783 50.39721 0</gx:coord>
                <gx:coord>30.4201283 50.3975283 0</gx:coord>
                <gx:coord>30.4196967 50.3977917 0</gx:coord>
                <gx:coord>30.4193117 50.3978367 0</gx:coord>
                <gx:coord>30.419075 50.3979799 0</gx:coord>
                <gx:coord>30.4185317 50.39813 0</gx:coord>
                <gx:coord>30.4182 50.3982567 0</gx:coord>
                <gx:coord>30.4177383 50.3984049 0</gx:coord>
                <gx:coord>30.4171983 50.3985883 0</gx:coord>
                <gx:coord>30.416785 50.3987083 0</gx:coord>
                <gx:coord>30.41628 50.398945 0</gx:coord>
                <gx:coord>30.4159083 50.3989917 0</gx:coord>
                <gx:coord>30.4152883 50.39929 0</gx:coord>
                <gx:coord>30.4148633 50.3993317 0</gx:coord>
                <gx:coord>30.4141333 50.3996467 0</gx:coord>
                <gx:coord>30.4136667 50.3997417 0</gx:coord>
                <gx:coord>30.4127633 50.400105 0</gx:coord>
                <gx:coord>30.4123983 50.4001949 0</gx:coord>
                <gx:coord>30.41154 50.40057 0</gx:coord>
                <gx:coord>30.4111717 50.4006217 0</gx:coord>
                <gx:coord>30.4103783 50.4009667 0</gx:coord>
                <gx:coord>30.4100317 50.4009732 0</gx:coord>
                <gx:coord>30.4091867 50.401275 0</gx:coord>
                <gx:coord>30.4088483 50.4013082 0</gx:coord>
                <gx:coord>30.4079567 50.40169 0</gx:coord>
                <gx:coord>30.4077083 50.4016917 0</gx:coord>
                <gx:coord>30.4068683 50.4020017 0</gx:coord>
                <gx:coord>30.405865 50.4023333 0</gx:coord>
                <gx:coord>30.4048633 50.40271 0</gx:coord>
                <gx:coord>30.40376 50.4030517 0</gx:coord>
                <gx:coord>30.403795 50.4030767 0</gx:coord>
                <gx:coord>30.402585 50.403475 0</gx:coord>
                <gx:coord>30.4013733 50.4038967 0</gx:coord>
                <gx:coord>30.401255 50.4039467 0</gx:coord>
                <gx:coord>30.3999833 50.4043883 0</gx:coord>
                <gx:coord>30.3987983 50.4047667 0</gx:coord>
                <gx:coord>30.3979433 50.4050033 0</gx:coord>
                <gx:coord>30.3977733 50.4050267 0</gx:coord>
                <gx:coord>30.3971417 50.405285 0</gx:coord>
                <gx:coord>30.3969367 50.4052717 0</gx:coord>
                <gx:coord>30.3963283 50.4055483 0</gx:coord>
                <gx:coord>30.3960533 50.4055467 0</gx:coord>
                <gx:coord>30.3954617 50.4057533 0</gx:coord>
                <gx:coord>30.3946583 50.4061967 0</gx:coord>
                <gx:coord>30.3941967 50.4062917 0</gx:coord>
                <gx:coord>30.3933467 50.4067633 0</gx:coord>
                <gx:coord>30.3928983 50.4070033 0</gx:coord>
                <gx:coord>30.3923317 50.4073982 0</gx:coord>
                <gx:coord>30.3919317 50.4075617 0</gx:coord>
                <gx:coord>30.3914033 50.40801 0</gx:coord>
                <gx:coord>30.3904717 50.4085832 0</gx:coord>
                <gx:coord>30.39016 50.4086683 0</gx:coord>
                <gx:coord>30.3895433 50.4091367 0</gx:coord>
                <gx:coord>30.3892433 50.40925 0</gx:coord>
                <gx:coord>30.3884417 50.40973 0</gx:coord>
                <gx:coord>30.3883667 50.4098133 0</gx:coord>
                <gx:coord>30.3877833 50.4102433 0</gx:coord>
                <gx:coord>30.3874967 50.410375 0</gx:coord>
                <gx:coord>30.3867133 50.410785 0</gx:coord>
                <gx:coord>30.3864217 50.4110083 0</gx:coord>
                <gx:coord>30.3856183 50.411535 0</gx:coord>
                <gx:coord>30.3854583 50.4116067 0</gx:coord>
                <gx:coord>30.38479 50.4121 0</gx:coord>
                <gx:coord>30.3847467 50.412115 0</gx:coord>
                <gx:coord>30.3841683 50.4125283 0</gx:coord>
                <gx:coord>30.3840583 50.412595 0</gx:coord>
                <gx:coord>30.38348 50.4129683 0</gx:coord>
                <gx:coord>30.38337 50.413025 0</gx:coord>
                <gx:coord>30.3826767 50.413435 0</gx:coord>
                <gx:coord>30.3826183 50.4134617 0</gx:coord>
                <gx:coord>30.3818517 50.4138767 0</gx:coord>
                <gx:coord>30.3818417 50.4139583 0</gx:coord>
                <gx:coord>30.38101 50.4143483 0</gx:coord>
                <gx:coord>30.3811217 50.414395 0</gx:coord>
                <gx:coord>30.38016 50.4148233 0</gx:coord>
                <gx:coord>30.3803567 50.4148866 0</gx:coord>
                <gx:coord>30.3794683 50.4153167 0</gx:coord>
                <gx:coord>30.379645 50.4153517 0</gx:coord>
                <gx:coord>30.3788167 50.4158033 0</gx:coord>
                <gx:coord>30.3780517 50.4162983 0</gx:coord>
                <gx:coord>30.3780367 50.4163267 0</gx:coord>
                <gx:coord>30.3773467 50.4168067 0</gx:coord>
                <gx:coord>30.3765767 50.41724 0</gx:coord>
                <gx:coord>30.375905 50.4176717 0</gx:coord>
                <gx:coord>30.3759283 50.4177899 0</gx:coord>
                <gx:coord>30.3752317 50.418075 0</gx:coord>
                <gx:coord>30.3745667 50.41848 0</gx:coord>
                <gx:coord>30.3739 50.41893 0</gx:coord>
                <gx:coord>30.373165 50.41937 0</gx:coord>
                <gx:coord>30.3724683 50.419795 0</gx:coord>
                <gx:coord>30.372475 50.41993 0</gx:coord>
                <gx:coord>30.3718133 50.4201933 0</gx:coord>
                <gx:coord>30.3718033 50.4203383 0</gx:coord>
                <gx:coord>30.3711483 50.4206383 0</gx:coord>
                <gx:coord>30.3711267 50.4207683 0</gx:coord>
                <gx:coord>30.3702983 50.4212583 0</gx:coord>
                <gx:coord>30.3701833 50.421365 0</gx:coord>
                <gx:coord>30.3695 50.4219267 0</gx:coord>
                <gx:coord>30.36942 50.42195 0</gx:coord>
                <gx:coord>30.368825 50.4225667 0</gx:coord>
                <gx:coord>30.3687683 50.42261 0</gx:coord>
                <gx:coord>30.3681283 50.4233649 0</gx:coord>
                <gx:coord>30.36774 50.42393 0</gx:coord>
                <gx:coord>30.3674717 50.424175 0</gx:coord>
                <gx:coord>30.3672467 50.424585 0</gx:coord>
                <gx:coord>30.366855 50.4248683 0</gx:coord>
                <gx:coord>30.3663183 50.425505 0</gx:coord>
                <gx:coord>30.36586 50.426115 0</gx:coord>
                <gx:coord>30.3658067 50.4265567 0</gx:coord>
                <gx:coord>30.3653317 50.42696 0</gx:coord>
                <gx:coord>30.3652683 50.4273083 0</gx:coord>
                <gx:coord>30.3648983 50.4277366 0</gx:coord>
                <gx:coord>30.3647583 50.4280217 0</gx:coord>
                <gx:coord>30.364375 50.42834 0</gx:coord>
                <gx:coord>30.36382 50.4292367 0</gx:coord>
                <gx:coord>30.3635 50.4296917 0</gx:coord>
                <gx:coord>30.3631633 50.4302383 0</gx:coord>
                <gx:coord>30.362865 50.4305499 0</gx:coord>
                <gx:coord>30.3627767 50.4310833 0</gx:coord>
                <gx:coord>30.3623083 50.43126 0</gx:coord>
                <gx:coord>30.3618533 50.43186 0</gx:coord>
                <gx:coord>30.3616967 50.432085 0</gx:coord>
                <gx:coord>30.36116 50.43278 0</gx:coord>
                <gx:coord>30.3610067 50.43309 0</gx:coord>
                <gx:coord>30.3605267 50.43388 0</gx:coord>
                <gx:coord>30.360605 50.4340633 0</gx:coord>
                <gx:coord>30.36028 50.4347933 0</gx:coord>
                <gx:coord>30.360475 50.434965 0</gx:coord>
                <gx:coord>30.360065 50.4357716 0</gx:coord>
                <gx:coord>30.3603033 50.4358817 0</gx:coord>
                <gx:coord>30.3600033 50.4366283 0</gx:coord>
                <gx:coord>30.360155 50.4367 0</gx:coord>
                <gx:coord>30.359925 50.437305 0</gx:coord>
                <gx:coord>30.3599033 50.4383167 0</gx:coord>
                <gx:coord>30.3596967 50.438985 0</gx:coord>
                <gx:coord>30.3597317 50.4392683 0</gx:coord>
                <gx:coord>30.35949 50.4399117 0</gx:coord>
                <gx:coord>30.3594917 50.44071 0</gx:coord>
                <gx:coord>30.3595383 50.4407983 0</gx:coord>
                <gx:coord>30.3593767 50.4415617 0</gx:coord>
                <gx:coord>30.35944 50.4416417 0</gx:coord>
                <gx:coord>30.3591817 50.4424517 0</gx:coord>
                <gx:coord>30.3592767 50.442565 0</gx:coord>
                <gx:coord>30.3591117 50.4435483 0</gx:coord>
                <gx:coord>30.35892 50.4447333 0</gx:coord>
                <gx:coord>30.3587217 50.445625 0</gx:coord>
                <gx:coord>30.358725 50.445745 0</gx:coord>
                <gx:coord>30.3585417 50.4464317 0</gx:coord>
                <gx:coord>30.3586017 50.4465783 0</gx:coord>
                <gx:coord>30.358485 50.4474133 0</gx:coord>
                <gx:coord>30.3583333 50.4482416 0</gx:coord>
                <gx:coord>30.3583033 50.4482883 0</gx:coord>
                <gx:coord>30.3581883 50.4491467 0</gx:coord>
                <gx:coord>30.3581467 50.449305 0</gx:coord>
                <gx:coord>30.35803 50.4501149 0</gx:coord>
                <gx:coord>30.3579833 50.4502317 0</gx:coord>
                <gx:coord>30.3580083 50.4507883 0</gx:coord>
                <gx:coord>30.3578967 50.4509017 0</gx:coord>
                <gx:coord>30.357765 50.45164 0</gx:coord>
                <gx:coord>30.358365 50.4517583 0</gx:coord>
                <gx:coord>30.3584517 50.4518517 0</gx:coord>
                <gx:coord>30.359225 50.451845 0</gx:coord>
                <gx:coord>30.3592 50.451835 0</gx:coord>
                <gx:coord>30.3600417 50.4518883 0</gx:coord>
                <gx:coord>30.3598517 50.4519083 0</gx:coord>
                <gx:coord>30.360815 50.4519033 0</gx:coord>
                <gx:coord>30.3606567 50.452095 0</gx:coord>
                <gx:coord>30.3617483 50.4519783 0</gx:coord>
                <gx:coord>30.36091 50.4523867 0</gx:coord>
                <gx:coord>30.3626817 50.4520517 0</gx:coord>
                <gx:coord>30.3620317 50.4523366 0</gx:coord>
                <gx:coord>30.3633529 50.4519485 0</gx:coord>
            </gx:Track>
            <TimeSpan>
                <begin>2016-12-06T07:22:12.055Z</begin>
                <end>2016-12-06T08:12:31.000Z</end>
            </TimeSpan>
        </Placemark>
        <Placemark>
            <name>вулиця Верховинна, 59</name>
            <address>вулиця Верховинна, 59, Київ</address>
            <ExtendedData>
                <Data name="Email">
                    <value>Maximmalyshyn@gmail.com</value>
                </Data>
                <Data name="Category">
                    <value>Здание с ограниченным доступом</value>
                </Data>
                <Data name="Distance">
                    <value>0</value>
                </Data>
            </ExtendedData>
            <description>Здание с ограниченным доступом from 2016-12-06T08:12:31.000Z to 2016-12-06T12:28:03.030Z.
                Distance 0m
            </description>
            <Point>
                <coordinates></coordinates>
            </Point>
            <gx:Track>
                <altitudeMode>clampToGround</altitudeMode>
                <gx:coord>30.3633529 50.4519485 0</gx:coord>
            </gx:Track>
            <TimeSpan>
                <begin>2016-12-06T08:12:31.000Z</begin>
                <end>2016-12-06T12:28:03.030Z</end>
            </TimeSpan>
        </Placemark>
        <Placemark>
            <name>Walking</name>
            <address></address>
            <ExtendedData>
                <Data name="Email">
                    <value>Maximmalyshyn@gmail.com</value>
                </Data>
                <Data name="Category">
                    <value>Walking</value>
                </Data>
                <Data name="Distance">
                    <value>835</value>
                </Data>
            </ExtendedData>
            <description>Walking from 2016-12-06T12:28:03.030Z to 2016-12-06T12:42:06.036Z. Distance 835m</description>
            <Point>
                <coordinates></coordinates>
            </Point>
            <gx:Track>
                <altitudeMode>clampToGround</altitudeMode>
                <gx:coord>30.3633529 50.4519485 0</gx:coord>
                <gx:coord>30.3645068 50.4520432 0</gx:coord>
                <gx:coord>30.367393 50.4523325 0</gx:coord>
                <gx:coord>30.3687166 50.4522163 0</gx:coord>
                <gx:coord>30.3722728 50.4526993 0</gx:coord>
                <gx:coord>30.3726936 50.4538233 0</gx:coord>
                <gx:coord>30.3741778 50.4545524 0</gx:coord>
                <gx:coord>30.3739666 50.4545413 0</gx:coord>
                <gx:coord>30.374139500000002 50.4543721 0</gx:coord>
            </gx:Track>
            <TimeSpan>
                <begin>2016-12-06T12:28:03.030Z</begin>
                <end>2016-12-06T12:42:06.036Z</end>
            </TimeSpan>
        </Placemark>
        <Placemark>
            <name>NOVUS Экспресс</name>
            <address>вулиця Львівська, 17, Київ, 03115</address>
            <ExtendedData>
                <Data name="Email">
                    <value>Maximmalyshyn@gmail.com</value>
                </Data>
                <Data name="Category">
                    <value>Супермаркет</value>
                </Data>
                <Data name="Distance">
                    <value>0</value>
                </Data>
            </ExtendedData>
            <description>Супермаркет from 2016-12-06T12:42:06.036Z to 2016-12-06T12:50:08.351Z. Distance 0m
            </description>
            <Point>
                <coordinates></coordinates>
            </Point>
            <gx:Track>
                <altitudeMode>clampToGround</altitudeMode>
                <gx:coord>30.374139500000002 50.4543721 0</gx:coord>
            </gx:Track>
            <TimeSpan>
                <begin>2016-12-06T12:42:06.036Z</begin>
                <end>2016-12-06T12:50:08.351Z</end>
            </TimeSpan>
        </Placemark>
        <Placemark>
            <name>Walking</name>
            <address></address>
            <ExtendedData>
                <Data name="Email">
                    <value>Maximmalyshyn@gmail.com</value>
                </Data>
                <Data name="Category">
                    <value>Walking</value>
                </Data>
                <Data name="Distance">
                    <value>791</value>
                </Data>
            </ExtendedData>
            <description>Walking from 2016-12-06T12:50:08.351Z to 2016-12-06T13:00:10.945Z. Distance 791m</description>
            <Point>
                <coordinates></coordinates>
            </Point>
            <gx:Track>
                <altitudeMode>clampToGround</altitudeMode>
                <gx:coord>30.374139500000002 50.4543721 0</gx:coord>
                <gx:coord>30.3727283 50.4543025 0</gx:coord>
                <gx:coord>30.3723428 50.4530794 0</gx:coord>
                <gx:coord>30.3707705 50.4525979 0</gx:coord>
                <gx:coord>30.3679944 50.4523295 0</gx:coord>
                <gx:coord>30.3645724 50.4522714 0</gx:coord>
                <gx:coord>30.3633734 50.452058 0</gx:coord>
                <gx:coord>30.3633529 50.4519485 0</gx:coord>
            </gx:Track>
            <TimeSpan>
                <begin>2016-12-06T12:50:08.351Z</begin>
                <end>2016-12-06T13:00:10.945Z</end>
            </TimeSpan>
        </Placemark>
        <Placemark>
            <name>вулиця Верховинна, 59</name>
            <address>вулиця Верховинна, 59, Київ</address>
            <ExtendedData>
                <Data name="Email">
                    <value>Maximmalyshyn@gmail.com</value>
                </Data>
                <Data name="Category">
                    <value>Здание с ограниченным доступом</value>
                </Data>
                <Data name="Distance">
                    <value>0</value>
                </Data>
            </ExtendedData>
            <description>Здание с ограниченным доступом from 2016-12-06T13:00:10.945Z to 2016-12-06T17:04:48.000Z.
                Distance 0m
            </description>
            <Point>
                <coordinates></coordinates>
            </Point>
            <gx:Track>
                <altitudeMode>clampToGround</altitudeMode>
                <gx:coord>30.3633529 50.4519485 0</gx:coord>
            </gx:Track>
            <TimeSpan>
                <begin>2016-12-06T13:00:10.945Z</begin>
                <end>2016-12-06T17:04:48.000Z</end>
            </TimeSpan>
        </Placemark>
        <Placemark>
            <name>Cycling</name>
            <address></address>
            <ExtendedData>
                <Data name="Email">
                    <value>Maximmalyshyn@gmail.com</value>
                </Data>
                <Data name="Category">
                    <value>Cycling</value>
                </Data>
                <Data name="Distance">
                    <value>18632</value>
                </Data>
            </ExtendedData>
            <description>Cycling from 2016-12-06T17:04:48.000Z to 2016-12-06T18:05:32.000Z. Distance 18632m
            </description>
            <Point>
                <coordinates></coordinates>
            </Point>
            <gx:Track>
                <altitudeMode>clampToGround</altitudeMode>
                <gx:coord>30.3633529 50.4519485 0</gx:coord>
                <gx:coord>30.3636183 50.4520867 0</gx:coord>
                <gx:coord>30.3645233 50.4522199 0</gx:coord>
                <gx:coord>30.3645583 50.4521267 0</gx:coord>
                <gx:coord>30.3647133 50.45263 0</gx:coord>
                <gx:coord>30.3652833 50.4521817 0</gx:coord>
                <gx:coord>30.3647517 50.4531117 0</gx:coord>
                <gx:coord>30.3647583 50.4537233 0</gx:coord>
                <gx:coord>30.3646833 50.454375 0</gx:coord>
                <gx:coord>30.3645433 50.4549483 0</gx:coord>
                <gx:coord>30.3643233 50.4549617 0</gx:coord>
                <gx:coord>30.3643 50.4557433 0</gx:coord>
                <gx:coord>30.3647017 50.4557833 0</gx:coord>
                <gx:coord>30.3652967 50.4555917 0</gx:coord>
                <gx:coord>30.3658283 50.4558383 0</gx:coord>
                <gx:coord>30.3663983 50.4557267 0</gx:coord>
                <gx:coord>30.366935 50.455795 0</gx:coord>
                <gx:coord>30.3675283 50.45577 0</gx:coord>
                <gx:coord>30.367795 50.4557567 0</gx:coord>
                <gx:coord>30.3683583 50.4558233 0</gx:coord>
                <gx:coord>30.369765 50.4559433 0</gx:coord>
                <gx:coord>30.3698383 50.4559083 0</gx:coord>
                <gx:coord>30.3708167 50.4560133 0</gx:coord>
                <gx:coord>30.3718983 50.4561167 0</gx:coord>
                <gx:coord>30.3718883 50.4560433 0</gx:coord>
                <gx:coord>30.372635 50.4562033 0</gx:coord>
                <gx:coord>30.37273 50.456175 0</gx:coord>
                <gx:coord>30.37332 50.4562316 0</gx:coord>
                <gx:coord>30.37342 50.45621 0</gx:coord>
                <gx:coord>30.3742717 50.456255 0</gx:coord>
                <gx:coord>30.37509 50.4564467 0</gx:coord>
                <gx:coord>30.375285 50.4562783 0</gx:coord>
                <gx:coord>30.3763033 50.456525 0</gx:coord>
                <gx:coord>30.3764783 50.4562533 0</gx:coord>
                <gx:coord>30.37748 50.45656 0</gx:coord>
                <gx:coord>30.3775833 50.456285 0</gx:coord>
                <gx:coord>30.37863 50.4567117 0</gx:coord>
                <gx:coord>30.37859 50.456335 0</gx:coord>
                <gx:coord>30.37982 50.4567817 0</gx:coord>
                <gx:coord>30.3809417 50.4568417 0</gx:coord>
                <gx:coord>30.3809833 50.45661 0</gx:coord>
                <gx:coord>30.382155 50.4569 0</gx:coord>
                <gx:coord>30.3831883 50.4569817 0</gx:coord>
                <gx:coord>30.3831533 50.4567517 0</gx:coord>
                <gx:coord>30.3838867 50.457 0</gx:coord>
                <gx:coord>30.3838383 50.4569483 0</gx:coord>
                <gx:coord>30.3844217 50.4571517 0</gx:coord>
                <gx:coord>30.3845867 50.4570383 0</gx:coord>
                <gx:coord>30.3854933 50.4569633 0</gx:coord>
                <gx:coord>30.3864267 50.4572383 0</gx:coord>
                <gx:coord>30.3864167 50.456885 0</gx:coord>
                <gx:coord>30.3876183 50.4573167 0</gx:coord>
                <gx:coord>30.38753 50.4570983 0</gx:coord>
                <gx:coord>30.3886817 50.45741 0</gx:coord>
                <gx:coord>30.3886867 50.4572717 0</gx:coord>
                <gx:coord>30.38984 50.4574883 0</gx:coord>
                <gx:coord>30.389795 50.4573383 0</gx:coord>
                <gx:coord>30.3910467 50.4576067 0</gx:coord>
                <gx:coord>30.3909817 50.4573867 0</gx:coord>
                <gx:coord>30.3924217 50.4576333 0</gx:coord>
                <gx:coord>30.393585 50.457705 0</gx:coord>
                <gx:coord>30.3935 50.45753 0</gx:coord>
                <gx:coord>30.3950817 50.4578033 0</gx:coord>
                <gx:coord>30.3950317 50.457695 0</gx:coord>
                <gx:coord>30.396715 50.4579683 0</gx:coord>
                <gx:coord>30.396625 50.4578617 0</gx:coord>
                <gx:coord>30.39818 50.457965 0</gx:coord>
                <gx:coord>30.3996867 50.4581033 0</gx:coord>
                <gx:coord>30.4005683 50.4581267 0</gx:coord>
                <gx:coord>30.4009317 50.4581667 0</gx:coord>
                <gx:coord>30.4018133 50.458195 0</gx:coord>
                <gx:coord>30.4019067 50.4581017 0</gx:coord>
                <gx:coord>30.4018367 50.4579517 0</gx:coord>
                <gx:coord>30.401965 50.4580733 0</gx:coord>
                <gx:coord>30.4019883 50.458045 0</gx:coord>
                <gx:coord>30.4018717 50.4581533 0</gx:coord>
                <gx:coord>30.40201 50.4581433 0</gx:coord>
                <gx:coord>30.4020617 50.4580867 0</gx:coord>
                <gx:coord>30.402115 50.458065 0</gx:coord>
                <gx:coord>30.4029783 50.4580883 0</gx:coord>
                <gx:coord>30.4040183 50.45824 0</gx:coord>
                <gx:coord>30.40448 50.4582533 0</gx:coord>
                <gx:coord>30.40457 50.4582683 0</gx:coord>
                <gx:coord>30.4045883 50.45827 0</gx:coord>
                <gx:coord>30.4049833 50.4583467 0</gx:coord>
                <gx:coord>30.4059433 50.458365 0</gx:coord>
                <gx:coord>30.4065417 50.4585099 0</gx:coord>
                <gx:coord>30.4074667 50.4585999 0</gx:coord>
                <gx:coord>30.4085167 50.4584867 0</gx:coord>
                <gx:coord>30.4094667 50.4587933 0</gx:coord>
                <gx:coord>30.4098433 50.4586283 0</gx:coord>
                <gx:coord>30.4107017 50.4588467 0</gx:coord>
                <gx:coord>30.4110583 50.45877 0</gx:coord>
                <gx:coord>30.4118367 50.4588217 0</gx:coord>
                <gx:coord>30.4117833 50.4588333 0</gx:coord>
                <gx:coord>30.41237 50.45892 0</gx:coord>
                <gx:coord>30.41274 50.4589349 0</gx:coord>
                <gx:coord>30.4135067 50.4590133 0</gx:coord>
                <gx:coord>30.414035 50.4591067 0</gx:coord>
                <gx:coord>30.414745 50.459175 0</gx:coord>
                <gx:coord>30.4153967 50.4591017 0</gx:coord>
                <gx:coord>30.41611 50.45923 0</gx:coord>
                <gx:coord>30.4167483 50.4590699 0</gx:coord>
                <gx:coord>30.41746 50.4591117 0</gx:coord>
                <gx:coord>30.418105 50.45884 0</gx:coord>
                <gx:coord>30.419635 50.4585383 0</gx:coord>
                <gx:coord>30.4207683 50.45838 0</gx:coord>
                <gx:coord>30.4213983 50.4583217 0</gx:coord>
                <gx:coord>30.4221317 50.45796 0</gx:coord>
                <gx:coord>30.4230067 50.4580983 0</gx:coord>
                <gx:coord>30.42353 50.4574517 0</gx:coord>
                <gx:coord>30.4241683 50.4579333 0</gx:coord>
                <gx:coord>30.4247183 50.45759 0</gx:coord>
                <gx:coord>30.4253583 50.45774 0</gx:coord>
                <gx:coord>30.4260067 50.457485 0</gx:coord>
                <gx:coord>30.4266867 50.45752 0</gx:coord>
                <gx:coord>30.4277167 50.4571483 0</gx:coord>
                <gx:coord>30.4285033 50.45726 0</gx:coord>
                <gx:coord>30.429615 50.4570217 0</gx:coord>
                <gx:coord>30.4302617 50.456955 0</gx:coord>
                <gx:coord>30.4315033 50.45678 0</gx:coord>
                <gx:coord>30.4320417 50.4566417 0</gx:coord>
                <gx:coord>30.4330367 50.4563967 0</gx:coord>
                <gx:coord>30.4336167 50.4563917 0</gx:coord>
                <gx:coord>30.43462 50.4561833 0</gx:coord>
                <gx:coord>30.4351083 50.4560983 0</gx:coord>
                <gx:coord>30.436475 50.455875 0</gx:coord>
                <gx:coord>30.43749 50.4557333 0</gx:coord>
                <gx:coord>30.437825 50.455665 0</gx:coord>
                <gx:coord>30.43897 50.4556067 0</gx:coord>
                <gx:coord>30.440335 50.45529 0</gx:coord>
                <gx:coord>30.4404917 50.4551967 0</gx:coord>
                <gx:coord>30.4417417 50.4551033 0</gx:coord>
                <gx:coord>30.4418183 50.45492 0</gx:coord>
                <gx:coord>30.44323 50.4549432 0</gx:coord>
                <gx:coord>30.4430917 50.4547432 0</gx:coord>
                <gx:coord>30.44463 50.4547717 0</gx:coord>
                <gx:coord>30.4445867 50.4544533 0</gx:coord>
                <gx:coord>30.4463933 50.4545133 0</gx:coord>
                <gx:coord>30.4461783 50.453865 0</gx:coord>
                <gx:coord>30.44609 50.4538917 0</gx:coord>
                <gx:coord>30.4461117 50.4538417 0</gx:coord>
                <gx:coord>30.4461017 50.4538983 0</gx:coord>
                <gx:coord>30.4461767 50.4539017 0</gx:coord>
                <gx:coord>30.4461017 50.4538983 0</gx:coord>
                <gx:coord>30.4459633 50.4538867 0</gx:coord>
                <gx:coord>30.4451917 50.45388 0</gx:coord>
                <gx:coord>30.4450233 50.4530817 0</gx:coord>
                <gx:coord>30.4445733 50.4518267 0</gx:coord>
                <gx:coord>30.4444867 50.45163 0</gx:coord>
                <gx:coord>30.4443267 50.4512667 0</gx:coord>
                <gx:coord>30.4441167 50.4508933 0</gx:coord>
                <gx:coord>30.4441933 50.4504067 0</gx:coord>
                <gx:coord>30.4439183 50.4500733 0</gx:coord>
                <gx:coord>30.4436017 50.4493733 0</gx:coord>
                <gx:coord>30.44343 50.4489967 0</gx:coord>
                <gx:coord>30.4432183 50.4484017 0</gx:coord>
                <gx:coord>30.4430883 50.4481917 0</gx:coord>
                <gx:coord>30.44291 50.4476667 0</gx:coord>
                <gx:coord>30.4430817 50.4472432 0</gx:coord>
                <gx:coord>30.4425833 50.446665 0</gx:coord>
                <gx:coord>30.4424283 50.4461299 0</gx:coord>
                <gx:coord>30.4421017 50.44544 0</gx:coord>
                <gx:coord>30.4418767 50.445075 0</gx:coord>
                <gx:coord>30.4417217 50.4444183 0</gx:coord>
                <gx:coord>30.44179 50.4442083 0</gx:coord>
                <gx:coord>30.44191 50.4435467 0</gx:coord>
                <gx:coord>30.44208 50.4431883 0</gx:coord>
                <gx:coord>30.4423533 50.442895 0</gx:coord>
                <gx:coord>30.4424133 50.4430067 0</gx:coord>
                <gx:coord>30.44257 50.4426983 0</gx:coord>
                <gx:coord>30.4427133 50.442585 0</gx:coord>
                <gx:coord>30.4430583 50.44195 0</gx:coord>
                <gx:coord>30.4432433 50.441685 0</gx:coord>
                <gx:coord>30.4436167 50.440975 0</gx:coord>
                <gx:coord>30.4437933 50.4407817 0</gx:coord>
                <gx:coord>30.4442533 50.4400783 0</gx:coord>
                <gx:coord>30.4448167 50.439855 0</gx:coord>
                <gx:coord>30.445145 50.4393733 0</gx:coord>
                <gx:coord>30.4461583 50.4391717 0</gx:coord>
                <gx:coord>30.4460717 50.4389633 0</gx:coord>
                <gx:coord>30.4467833 50.4388583 0</gx:coord>
                <gx:coord>30.4478083 50.4384816 0</gx:coord>
                <gx:coord>30.447715 50.4384517 0</gx:coord>
                <gx:coord>30.4484933 50.43839 0</gx:coord>
                <gx:coord>30.4486217 50.4382633 0</gx:coord>
                <gx:coord>30.44924 50.43823 0</gx:coord>
                <gx:coord>30.4495683 50.4380133 0</gx:coord>
                <gx:coord>30.450145 50.43799 0</gx:coord>
                <gx:coord>30.4509517 50.437695 0</gx:coord>
                <gx:coord>30.4512833 50.437565 0</gx:coord>
                <gx:coord>30.4512767 50.4375233 0</gx:coord>
                <gx:coord>30.4513917 50.4374433 0</gx:coord>
                <gx:coord>30.4514367 50.437505 0</gx:coord>
                <gx:coord>30.4514483 50.4376717 0</gx:coord>
                <gx:coord>30.4521117 50.437145 0</gx:coord>
                <gx:coord>30.4522417 50.4370733 0</gx:coord>
                <gx:coord>30.4526517 50.4364233 0</gx:coord>
                <gx:coord>30.4528267 50.43604 0</gx:coord>
                <gx:coord>30.4524767 50.435915 0</gx:coord>
                <gx:coord>30.4531167 50.435415 0</gx:coord>
                <gx:coord>30.4528717 50.4353466 0</gx:coord>
                <gx:coord>30.4532617 50.4345817 0</gx:coord>
                <gx:coord>30.4536217 50.43421 0</gx:coord>
                <gx:coord>30.4541883 50.4337217 0</gx:coord>
                <gx:coord>30.45394 50.433535 0</gx:coord>
                <gx:coord>30.4545383 50.4319683 0</gx:coord>
                <gx:coord>30.4551133 50.4311567 0</gx:coord>
                <gx:coord>30.4551033 50.4311783 0</gx:coord>
                <gx:coord>30.4553617 50.43077 0</gx:coord>
                <gx:coord>30.45532 50.4308533 0</gx:coord>
                <gx:coord>30.4556167 50.4304433 0</gx:coord>
                <gx:coord>30.455675 50.43027 0</gx:coord>
                <gx:coord>30.4559333 50.4298983 0</gx:coord>
                <gx:coord>30.4561367 50.4295983 0</gx:coord>
                <gx:coord>30.4565983 50.4288817 0</gx:coord>
                <gx:coord>30.457605 50.4275033 0</gx:coord>
                <gx:coord>30.45945 50.4256316 0</gx:coord>
                <gx:coord>30.46052 50.425225 0</gx:coord>
                <gx:coord>30.4608367 50.4250533 0</gx:coord>
                <gx:coord>30.46144 50.4248017 0</gx:coord>
                <gx:coord>30.4620517 50.4244683 0</gx:coord>
                <gx:coord>30.462 50.4245833 0</gx:coord>
                <gx:coord>30.462405 50.4244733 0</gx:coord>
                <gx:coord>30.4631833 50.4239367 0</gx:coord>
                <gx:coord>30.4631167 50.4241783 0</gx:coord>
                <gx:coord>30.4638567 50.423605 0</gx:coord>
                <gx:coord>30.4638533 50.4237783 0</gx:coord>
                <gx:coord>30.4645033 50.4231817 0</gx:coord>
                <gx:coord>30.465 50.4233533 0</gx:coord>
                <gx:coord>30.4653367 50.4227583 0</gx:coord>
                <gx:coord>30.4665583 50.4226083 0</gx:coord>
                <gx:coord>30.46712 50.4225367 0</gx:coord>
                <gx:coord>30.46733 50.4227532 0</gx:coord>
                <gx:coord>30.4678833 50.4222567 0</gx:coord>
                <gx:coord>30.4690867 50.42142 0</gx:coord>
                <gx:coord>30.4700383 50.4209583 0</gx:coord>
                <gx:coord>30.4710767 50.4205617 0</gx:coord>
                <gx:coord>30.4719683 50.4201733 0</gx:coord>
                <gx:coord>30.47274 50.4195982 0</gx:coord>
                <gx:coord>30.4727067 50.419735 0</gx:coord>
                <gx:coord>30.47359 50.4191533 0</gx:coord>
                <gx:coord>30.47329 50.4194933 0</gx:coord>
                <gx:coord>30.474795 50.41868 0</gx:coord>
                <gx:coord>30.4747867 50.4189717 0</gx:coord>
                <gx:coord>30.47613 50.4185232 0</gx:coord>
                <gx:coord>30.47668 50.4177617 0</gx:coord>
                <gx:coord>30.4771467 50.4179766 0</gx:coord>
                <gx:coord>30.477905 50.417465 0</gx:coord>
                <gx:coord>30.47814 50.41668 0</gx:coord>
                <gx:coord>30.4783683 50.416845 0</gx:coord>
                <gx:coord>30.47886 50.4160933 0</gx:coord>
                <gx:coord>30.47934 50.41538 0</gx:coord>
                <gx:coord>30.4795767 50.414615 0</gx:coord>
                <gx:coord>30.4797217 50.4147617 0</gx:coord>
                <gx:coord>30.480735 50.4140682 0</gx:coord>
                <gx:coord>30.4809083 50.41362 0</gx:coord>
                <gx:coord>30.4817367 50.4134467 0</gx:coord>
                <gx:coord>30.481855 50.4131083 0</gx:coord>
                <gx:coord>30.4830283 50.4129083 0</gx:coord>
                <gx:coord>30.48315 50.4124717 0</gx:coord>
                <gx:coord>30.4840333 50.4124133 0</gx:coord>
                <gx:coord>30.4842617 50.4119167 0</gx:coord>
                <gx:coord>30.4854583 50.411755 0</gx:coord>
                <gx:coord>30.4854483 50.4113033 0</gx:coord>
                <gx:coord>30.48665 50.4112517 0</gx:coord>
                <gx:coord>30.4865533 50.41077 0</gx:coord>
                <gx:coord>30.486915 50.41108 0</gx:coord>
                <gx:coord>30.4877417 50.41014 0</gx:coord>
                <gx:coord>30.488545 50.4102867 0</gx:coord>
                <gx:coord>30.4888467 50.40954 0</gx:coord>
                <gx:coord>30.4897233 50.4095133 0</gx:coord>
                <gx:coord>30.4904867 50.4091467 0</gx:coord>
                <gx:coord>30.4907133 50.4086767 0</gx:coord>
                <gx:coord>30.4908883 50.4087783 0</gx:coord>
                <gx:coord>30.4910217 50.4075383 0</gx:coord>
                <gx:coord>30.4910483 50.4074933 0</gx:coord>
                <gx:coord>30.49078 50.4068033 0</gx:coord>
                <gx:coord>30.4906767 50.4068417 0</gx:coord>
                <gx:coord>30.490465 50.40612 0</gx:coord>
                <gx:coord>30.4904417 50.4060317 0</gx:coord>
                <gx:coord>30.4903333 50.4055449 0</gx:coord>
                <gx:coord>30.4903917 50.4054833 0</gx:coord>
                <gx:coord>30.49036 50.40476 0</gx:coord>
                <gx:coord>30.490235 50.4047717 0</gx:coord>
                <gx:coord>30.4902417 50.40422 0</gx:coord>
                <gx:coord>30.490015 50.4041467 0</gx:coord>
                <gx:coord>30.4898567 50.4036733 0</gx:coord>
                <gx:coord>30.489505 50.4030067 0</gx:coord>
                <gx:coord>30.4895683 50.4028599 0</gx:coord>
                <gx:coord>30.4891817 50.4023083 0</gx:coord>
                <gx:coord>30.4891817 50.4022549 0</gx:coord>
                <gx:coord>30.48902 50.401855 0</gx:coord>
                <gx:coord>30.4888383 50.4018183 0</gx:coord>
                <gx:coord>30.48842 50.4013133 0</gx:coord>
                <gx:coord>30.488 50.400895 0</gx:coord>
                <gx:coord>30.4879483 50.400825 0</gx:coord>
                <gx:coord>30.4875783 50.4004199 0</gx:coord>
                <gx:coord>30.4874317 50.4004667 0</gx:coord>
                <gx:coord>30.4869933 50.40011 0</gx:coord>
                <gx:coord>30.4869417 50.3999483 0</gx:coord>
                <gx:coord>30.4869967 50.3997617 0</gx:coord>
                <gx:coord>30.4866817 50.3995983 0</gx:coord>
                <gx:coord>30.4868967 50.39961 0</gx:coord>
                <gx:coord>30.4869067 50.39958 0</gx:coord>
                <gx:coord>30.4869117 50.39955 0</gx:coord>
                <gx:coord>30.4871217 50.3994467 0</gx:coord>
                <gx:coord>30.48724 50.3994217 0</gx:coord>
                <gx:coord>30.4873217 50.3993367 0</gx:coord>
                <gx:coord>30.48753 50.3993017 0</gx:coord>
                <gx:coord>30.487665 50.3992867 0</gx:coord>
                <gx:coord>30.4877933 50.3990617 0</gx:coord>
                <gx:coord>30.4878583 50.399205 0</gx:coord>
                <gx:coord>30.48802 50.3988317 0</gx:coord>
                <gx:coord>30.4882467 50.3987567 0</gx:coord>
                <gx:coord>30.488335 50.3983567 0</gx:coord>
                <gx:coord>30.4884117 50.39858 0</gx:coord>
                <gx:coord>30.4884517 50.3984217 0</gx:coord>
                <gx:coord>30.4886517 50.398135 0</gx:coord>
                <gx:coord>30.4888867 50.397655 0</gx:coord>
                <gx:coord>30.488955 50.397855 0</gx:coord>
                <gx:coord>30.48899 50.39739 0</gx:coord>
                <gx:coord>30.4891667 50.3975367 0</gx:coord>
                <gx:coord>30.4891383 50.3970867 0</gx:coord>
                <gx:coord>30.4893083 50.397295 0</gx:coord>
                <gx:coord>30.4893217 50.396735 0</gx:coord>
                <gx:coord>30.48954 50.3968967 0</gx:coord>
                <gx:coord>30.4893483 50.3963283 0</gx:coord>
                <gx:coord>30.4895 50.3959733 0</gx:coord>
                <gx:coord>30.489675 50.3961033 0</gx:coord>
                <gx:coord>30.4896583 50.3955683 0</gx:coord>
                <gx:coord>30.489805 50.3951783 0</gx:coord>
                <gx:coord>30.4897317 50.3952667 0</gx:coord>
                <gx:coord>30.4900583 50.394705 0</gx:coord>
                <gx:coord>30.4901183 50.3944533 0</gx:coord>
                <gx:coord>30.490515 50.3939217 0</gx:coord>
                <gx:coord>30.4903483 50.3937933 0</gx:coord>
                <gx:coord>30.4907433 50.3936117 0</gx:coord>
                <gx:coord>30.4910283 50.3937333 0</gx:coord>
                <gx:coord>30.4910583 50.3936183 0</gx:coord>
                <gx:coord>30.4914317 50.3939667 0</gx:coord>
                <gx:coord>30.4915033 50.393575 0</gx:coord>
                <gx:coord>30.4919383 50.3941917 0</gx:coord>
                <gx:coord>30.4915333 50.3937283 0</gx:coord>
                <gx:coord>30.491885 50.394165 0</gx:coord>
                <gx:coord>30.4915333 50.3937283 0</gx:coord>
                <gx:coord>30.4918133 50.3939767 0</gx:coord>
                <gx:coord>30.4915883 50.3938133 0</gx:coord>
                <gx:coord>30.491825 50.394095 0</gx:coord>
                <gx:coord>30.4915967 50.393765 0</gx:coord>
                <gx:coord>30.49187 50.3942933 0</gx:coord>
                <gx:coord>30.491655 50.39389 0</gx:coord>
                <gx:coord>30.4918383 50.3943 0</gx:coord>
                <gx:coord>30.4917767 50.3940883 0</gx:coord>
                <gx:coord>30.4917267 50.3940517 0</gx:coord>
                <gx:coord>30.4918033 50.394095 0</gx:coord>
                <gx:coord>30.49174 50.3939882 0</gx:coord>
                <gx:coord>30.4918033 50.394095 0</gx:coord>
                <gx:coord>30.49168 50.3938617 0</gx:coord>
                <gx:coord>30.49167 50.3935967 0</gx:coord>
                <gx:coord>30.4918733 50.39389 0</gx:coord>
                <gx:coord>30.49199 50.3933633 0</gx:coord>
                <gx:coord>30.49201 50.392775 0</gx:coord>
                <gx:coord>30.4922517 50.39199 0</gx:coord>
                <gx:coord>30.4927547 50.3908648 0</gx:coord>
                <gx:coord>30.4929617 50.390645 0</gx:coord>
                <gx:coord>30.4930183 50.3902883 0</gx:coord>
                <gx:coord>30.4937183 50.3891 0</gx:coord>
                <gx:coord>30.493654 50.388791999999995 0</gx:coord>
            </gx:Track>
            <TimeSpan>
                <begin>2016-12-06T17:04:48.000Z</begin>
                <end>2016-12-06T18:05:32.000Z</end>
            </TimeSpan>
        </Placemark>
        <Placemark>
            <name>Коломийський провулок, 3/1</name>
            <address>Київ</address>
            <ExtendedData>
                <Data name="Email">
                    <value>Maximmalyshyn@gmail.com</value>
                </Data>
                <Data name="Category">
                    <value></value>
                </Data>
                <Data name="Distance">
                    <value>0</value>
                </Data>
            </ExtendedData>
            <description>from 2016-12-06T18:05:32.000Z to 2016-12-07T07:37:49.918Z. Distance 0m</description>
            <Point>
                <coordinates></coordinates>
            </Point>
            <gx:Track>
                <altitudeMode>clampToGround</altitudeMode>
                <gx:coord>30.493654 50.388791999999995 0</gx:coord>
            </gx:Track>
            <TimeSpan>
                <begin>2016-12-06T18:05:32.000Z</begin>
                <end>2016-12-07T07:37:49.918Z</end>
            </TimeSpan>
        </Placemark>
    </Document>
</kml>